<?xml version="1.0" encoding="UTF-8"?>
<!-- Generated by org.testng.reporters.JUnitReportReporter -->
<testsuite skipped="0" hostname="PC-Jithu" name="com.crm.qa.testcases.LoginPageTest" tests="1" failures="0" timestamp="2020-08-04T10:26:50 IST" time="55.243" errors="0">
  <testcase name="loginPageTitleTest" time="55.243" classname="com.crm.qa.testcases.LoginPageTest"/>
  <system-out/>
</testsuite> <!-- com.crm.qa.testcases.LoginPageTest -->
